<?xml version="1.0" encoding="UTF-8"?>
<!-- Generated by org.testng.reporters.JUnitXMLReporter -->
<testsuite ignored="0" hostname="AMAC02DTA6PML7H" failures="0" tests="3" name="Default test" time="85.971" errors="0" timestamp="20 Jan 2022 15:13:02 GMT">
  <testcase classname="eci.qa.AppiumFramework.firstIOSTest" name="validarTituloServices" time="32.021"/>
  <testcase classname="eci.qa.AppiumFramework.firstIOSTest" name="validarTituloServices2" time="25.036"/>
  <testcase classname="eci.qa.AppiumFramework.firstIOSTest" name="validarTituloServices3" time="25.822"/>
</testsuite> <!-- Default test -->
