<?xml version="1.0" encoding="UTF-8"?>
<!-- Generated by org.testng.reporters.JUnitXMLReporter -->
<testsuite ignored="0" hostname="AMAC02DTA6PML7H" failures="0" tests="3" name="Test" time="89.49" errors="0" timestamp="20 Jan 2022 15:46:56 GMT">
  <testcase classname="eci.qa.AppiumFramework.firstIOSTest" name="validarTituloServices" time="31.898"/>
  <testcase classname="eci.qa.AppiumFramework.firstIOSTest" name="validarTituloServices2" time="26.951"/>
  <testcase classname="eci.qa.AppiumFramework.firstIOSTest" name="validarTituloServices3" time="27.567"/>
</testsuite> <!-- Test -->
