<?xml version="1.0" encoding="UTF-8"?>
<testng-results skipped="0" failed="0" ignored="0" total="1" passed="1">
  <reporter-output>
  </reporter-output>
  <suite name="Suite" duration-ms="90163" started-at="2022-01-21T18:01:40Z" finished-at="2022-01-21T18:03:11Z">
    <groups>
    </groups>
    <test name="Test" duration-ms="90163" started-at="2022-01-21T18:01:40Z" finished-at="2022-01-21T18:03:11Z">
      <class name="eci.qa.AppiumFramework.firstIOSTest">
        <test-method status="PASS" signature="killAllNodes()[pri:0, instance:eci.qa.AppiumFramework.firstIOSTest@21507a04]" name="killAllNodes" is-config="true" duration-ms="3020" started-at="2022-01-21T18:01:40Z" finished-at="2022-01-21T18:01:43Z">
          <reporter-output>
          </reporter-output>
        </test-method> <!-- killAllNodes -->
        <test-method status="PASS" signature="validarTituloServices()[pri:0, instance:eci.qa.AppiumFramework.firstIOSTest@21507a04]" name="validarTituloServices" duration-ms="87062" started-at="2022-01-21T18:01:43Z" finished-at="2022-01-21T18:03:10Z">
          <reporter-output>
          </reporter-output>
        </test-method> <!-- validarTituloServices -->
        <test-method status="PASS" signature="killProcess()[pri:0, instance:eci.qa.AppiumFramework.firstIOSTest@21507a04]" name="killProcess" is-config="true" duration-ms="57" started-at="2022-01-21T18:03:10Z" finished-at="2022-01-21T18:03:11Z">
          <reporter-output>
          </reporter-output>
        </test-method> <!-- killProcess -->
      </class> <!-- eci.qa.AppiumFramework.firstIOSTest -->
    </test> <!-- Test -->
  </suite> <!-- Suite -->
</testng-results>
