<?xml version="1.0" encoding="UTF-8"?>
<testsuite xmlns:xsi="http://www.w3.org/2001/XMLSchema-instance" xsi:noNamespaceSchemaLocation="https://maven.apache.org/surefire/maven-surefire-plugin/xsd/surefire-test-report-3.0.xsd" version="3.0" name="TestSuite" time="91.597" tests="1" errors="0" skipped="0" failures="0">
  <properties>
[...]
</properties>
  <testcase name="validarTituloServices" classname="eci.qa.AppiumFramework.firstIOSTest" time="87.07">
    <system-out><![CDATA[[TestNGContentHandler] [WARN] It is strongly recommended to add "<!DOCTYPE suite SYSTEM "http://testng.org/testng-1.0.dtd" >" at the top of your file, otherwise TestNG may fail or not work as expected.
/Users/juan.pablo.bejarano/eclipse-workspace/AppiumFramework
&amp#27;[35m[Appium]&amp#27;[39m Welcome to Appium v1.22.2
&amp#27;[35m[Appium]&amp#27;[39m Appium REST http interface listener started on 0.0.0.0:4723
&amp#27;[35m[HTTP]&amp#27;[39m &amp#27;[37m-->&amp#27;[39m &amp#27;[37mGET&amp#27;[39m &amp#27;[37m/wd/hub/status&amp#27;[39m
&amp#27;[35m[HTTP]&amp#27;[39m &amp#27;[90m{}&amp#27;[39m
[debug] &amp#27;[35m[GENERIC]&amp#27;[39m Calling AppiumDriver.getStatus() with args: []
[debug] &amp#27;[35m[GENERIC]&amp#27;[39m Responding to client with driver.getStatus() result: {"build":{"version":"1.22.2"}}
&amp#27;[35mSO ANDROID
[HTTP]&amp#27;[39m &amp#27;[37m<-- GET /wd/hub/status &amp#27;[39m&amp#27;[32m200&amp#27;[39m &amp#27;[90m7 ms - 68&amp#27;[39m
&amp#27;[35m[HTTP]&amp#27;[39m &amp#27;[90m&amp#27;[39m
&amp#27;[35m[HTTP]&amp#27;[39m &amp#27;[37m-->&amp#27;[39m &amp#27;[37mPOST&amp#27;[39m &amp#27;[37m/wd/hub/session&amp#27;[39m
&amp#27;[35m[HTTP]&amp#27;[39m &amp#27;[90m{"desiredCapabilities":{"app":"/Users/juan.pablo.bejarano/Desktop/elcorteinglesPRE.apk","automationName":"UIAutomator2","platformName":"Android","deviceName":"emuladorECI","avd":"emuladorECI"},"capabilities":{"firstMatch":[{"appium:app":"/Users/juan.pablo.bejarano/Desktop/elcorteinglesPRE.apk","appium:automationName":"UIAutomator2","appium:avd":"emuladorECI","appium:deviceName":"emuladorECI","platformName":"android"}]}}&amp#27;[39m
[debug] &amp#27;[35m[W3C]&amp#27;[39m Calling AppiumDriver.createSession() with args: [{"app":"/Users/juan.pablo.bejarano/Desktop/elcorteinglesPRE.apk","automationName":"UIAutomator2","platformName":"Android","deviceName":"emuladorECI","avd":"emuladorECI"},null,{"firstMatch":[{"appium:app":"/Users/juan.pablo.bejarano/Desktop/elcorteinglesPRE.apk","appium:automationName":"UIAutomator2","appium:avd":"emuladorECI","appium:deviceName":"emuladorECI","platformName":"android"}]}]
[debug] &amp#27;[35m[BaseDriver]&amp#27;[39m Event 'newSessionRequested' logged at 1642788107181 (19:01:47 GMT+0100 (Central European Standard Time))
&amp#27;[35m[Appium]&amp#27;[39m Appium v1.22.2 creating new AndroidUiautomator2Driver (v1.70.1) session
[debug] &amp#27;[35m[BaseDriver]&amp#27;[39m W3C capabilities and MJSONWP desired capabilities were provided
[debug] &amp#27;[35m[BaseDriver]&amp#27;[39m Creating session with W3C capabilities: {
[debug] &amp#27;[35m[BaseDriver]&amp#27;[39m   "alwaysMatch": {
[debug] &amp#27;[35m[BaseDriver]&amp#27;[39m     "platformName": "android",
[debug] &amp#27;[35m[BaseDriver]&amp#27;[39m     "appium:app": "/Users/juan.pablo.bejarano/Desktop/elcorteinglesPRE.apk",
[debug] &amp#27;[35m[BaseDriver]&amp#27;[39m     "appium:automationName": "UIAutomator2",
[debug] &amp#27;[35m[BaseDriver]&amp#27;[39m     "appium:avd": "emuladorECI",
[debug] &amp#27;[35m[BaseDriver]&amp#27;[39m     "appium:deviceName": "emuladorECI"
[debug] &amp#27;[35m[BaseDriver]&amp#27;[39m   },
[debug] &amp#27;[35m[BaseDriver]&amp#27;[39m   "firstMatch": [
[debug] &amp#27;[35m[BaseDriver]&amp#27;[39m     {}
[debug] &amp#27;[35m[BaseDriver]&amp#27;[39m   ]
[debug] &amp#27;[35m[BaseDriver]&amp#27;[39m }
&amp#27;[35m[BaseDriver]&amp#27;[39m Session created with session id: 90105099-248b-402e-813a-13864f31847c
&amp#27;[35m[BaseDriver]&amp#27;[39m Using local app '/Users/juan.pablo.bejarano/Desktop/elcorteinglesPRE.apk'
[debug] &amp#27;[35m[UiAutomator2]&amp#27;[39m Checking whether app is actually present
&amp#27;[35m[ADB]&amp#27;[39m Found 4 'build-tools' folders under '/Users/juan.pablo.bejarano/Library/Android/sdk' (newest first):
&amp#27;[35m[ADB]&amp#27;[39m     /Users/juan.pablo.bejarano/Library/Android/sdk/build-tools/32.0.0
&amp#27;[35m[ADB]&amp#27;[39m     /Users/juan.pablo.bejarano/Library/Android/sdk/build-tools/30.0.3
&amp#27;[35m[ADB]&amp#27;[39m     /Users/juan.pablo.bejarano/Library/Android/sdk/build-tools/29.0.2
&amp#27;[35m[ADB]&amp#27;[39m     /Users/juan.pablo.bejarano/Library/Android/sdk/build-tools/28.0.3
&amp#27;[35m[ADB]&amp#27;[39m Using 'adb' from '/Users/juan.pablo.bejarano/Library/Android/sdk/platform-tools/adb'
[debug] &amp#27;[35m[ADB]&amp#27;[39m Running '/Users/juan.pablo.bejarano/Library/Android/sdk/platform-tools/adb -P 5037 start-server'
[debug] &amp#27;[35m[ADB]&amp#27;[39m Trying to find 'emuladorECI' emulator
[debug] &amp#27;[35m[ADB]&amp#27;[39m Getting connected emulators
[debug] &amp#27;[35m[ADB]&amp#27;[39m Getting connected devices
[debug] &amp#27;[35m[ADB]&amp#27;[39m No connected devices have been detected
[debug] &amp#27;[35m[ADB]&amp#27;[39m 0 emulators connected
[debug] &amp#27;[35m[ADB]&amp#27;[39m Emulator 'emuladorECI' not running
[debug] &amp#27;[35m[ADB]&amp#27;[39m Launching Emulator with AVD emuladorECI, launchTimeout 60000ms and readyTimeout 60000ms
&amp#27;[35m[ADB]&amp#27;[39m Using 'emulator' from '/Users/juan.pablo.bejarano/Library/Android/sdk/emulator/emulator'
[debug] &amp#27;[35m[ADB]&amp#27;[39m Running '/Users/juan.pablo.bejarano/Library/Android/sdk/emulator/emulator' with args: -avd emuladorECI -delay-adb
[debug] &amp#27;[35m[ADB]&amp#27;[39m Trying to find 'emuladorECI' emulator
[debug] &amp#27;[35m[ADB]&amp#27;[39m Getting connected emulators
[debug] &amp#27;[35m[ADB]&amp#27;[39m Getting connected devices
[debug] &amp#27;[35m[ADB]&amp#27;[39m No connected devices have been detected
[debug] &amp#27;[35m[ADB]&amp#27;[39m 0 emulators connected
[debug] &amp#27;[35m[ADB]&amp#27;[39m Emulator 'emuladorECI' not running
&amp#27;[35m[ADB]&amp#27;[39m [AVD OUTPUT] WARNING | unexpected system image feature string, emulator might not function correctly, please try updating the emulator.
[debug] &amp#27;[35m[ADB]&amp#27;[39m Trying to find 'emuladorECI' emulator
[debug] &amp#27;[35m[ADB]&amp#27;[39m Getting connected emulators
[debug] &amp#27;[35m[ADB]&amp#27;[39m Getting connected devices
[debug] &amp#27;[35m[ADB]&amp#27;[39m No connected devices have been detected
[debug] &amp#27;[35m[ADB]&amp#27;[39m 0 emulators connected
[debug] &amp#27;[35m[ADB]&amp#27;[39m Emulator 'emuladorECI' not running
&amp#27;[35m[ADB]&amp#27;[39m [AVD OUTPUT] WARNING | cannot add library /Users/juan.pablo.bejarano/Library/Android/sdk/emulator/qemu/darwin-x86_64/lib64/vulkan/libvulkan.dylib: failed
&amp#27;[35m[ADB]&amp#27;[39m [AVD OUTPUT] WARNING | cannot add library /Users/juan.pablo.bejarano/Library/Android/sdk/emulator/qemu/darwin-x86_64/lib64/vulkan/libMoltenVK.dylib: failed
&amp#27;[35m[ADB]&amp#27;[39m [AVD OUTPUT] INFO    | configAndStartRenderer: setting vsync to 60 hz
&amp#27;[35m[ADB]&amp#27;[39m [AVD OUTPUT] INFO    | added library /Users/juan.pablo.bejarano/Library/Android/sdk/emulator/lib64/vulkan/libvulkan.dylib
&amp#27;[35m[ADB]&amp#27;[39m [AVD OUTPUT] INFO    | added library /Users/juan.pablo.bejarano/Library/Android/sdk/emulator/lib64/vulkan/libMoltenVK.dylib
&amp#27;[35m[ADB]&amp#27;[39m [AVD OUTPUT] INFO    | Started GRPC server at 127.0.0.1:8554, security: Local
&amp#27;[35m[ADB]&amp#27;[39m [AVD OUTPUT] INFO    | Advertising in: /Users/juan.pablo.bejarano/Library/Caches/TemporaryItems/avd/running/pid_42223.ini
&amp#27;[35m[ADB]&amp#27;[39m [AVD OUTPUT] WARNING | change of renderer detected.
[debug] &amp#27;[35m[ADB]&amp#27;[39m Trying to find 'emuladorECI' emulator
[debug] &amp#27;[35m[ADB]&amp#27;[39m Getting connected emulators
[debug] &amp#27;[35m[ADB]&amp#27;[39m Getting connected devices
[debug] &amp#27;[35m[ADB]&amp#27;[39m No connected devices have been detected
[debug] &amp#27;[35m[ADB]&amp#27;[39m 0 emulators connected
[debug] &amp#27;[35m[ADB]&amp#27;[39m Emulator 'emuladorECI' not running
[debug] &amp#27;[35m[ADB]&amp#27;[39m Trying to find 'emuladorECI' emulator
[debug] &amp#27;[35m[ADB]&amp#27;[39m Getting connected emulators
[debug] &amp#27;[35m[ADB]&amp#27;[39m Getting connected devices
[debug] &amp#27;[35m[ADB]&amp#27;[39m No connected devices have been detected
[debug] &amp#27;[35m[ADB]&amp#27;[39m 0 emulators connected
[debug] &amp#27;[35m[ADB]&amp#27;[39m Emulator 'emuladorECI' not running
[debug] &amp#27;[35m[ADB]&amp#27;[39m Trying to find 'emuladorECI' emulator
[debug] &amp#27;[35m[ADB]&amp#27;[39m Getting connected emulators
[debug] &amp#27;[35m[ADB]&amp#27;[39m Getting connected devices
[debug] &amp#27;[35m[ADB]&amp#27;[39m No connected devices have been detected
[debug] &amp#27;[35m[ADB]&amp#27;[39m 0 emulators connected
[debug] &amp#27;[35m[ADB]&amp#27;[39m Emulator 'emuladorECI' not running
[debug] &amp#27;[35m[ADB]&amp#27;[39m Trying to find 'emuladorECI' emulator
[debug] &amp#27;[35m[ADB]&amp#27;[39m Getting connected emulators
[debug] &amp#27;[35m[ADB]&amp#27;[39m Getting connected devices
[debug] &amp#27;[35m[ADB]&amp#27;[39m No connected devices have been detected
[debug] &amp#27;[35m[ADB]&amp#27;[39m 0 emulators connected
[debug] &amp#27;[35m[ADB]&amp#27;[39m Emulator 'emuladorECI' not running
[debug] &amp#27;[35m[ADB]&amp#27;[39m Trying to find 'emuladorECI' emulator
[debug] &amp#27;[35m[ADB]&amp#27;[39m Getting connected emulators
[debug] &amp#27;[35m[ADB]&amp#27;[39m Getting connected devices
[debug] &amp#27;[35m[ADB]&amp#27;[39m No connected devices have been detected
[debug] &amp#27;[35m[ADB]&amp#27;[39m 0 emulators connected
[debug] &amp#27;[35m[ADB]&amp#27;[39m Emulator 'emuladorECI' not running
[debug] &amp#27;[35m[ADB]&amp#27;[39m Trying to find 'emuladorECI' emulator
[debug] &amp#27;[35m[ADB]&amp#27;[39m Getting connected emulators
[debug] &amp#27;[35m[ADB]&amp#27;[39m Getting connected devices
[debug] &amp#27;[35m[ADB]&amp#27;[39m No connected devices have been detected
[debug] &amp#27;[35m[ADB]&amp#27;[39m 0 emulators connected
[debug] &amp#27;[35m[ADB]&amp#27;[39m Emulator 'emuladorECI' not running
[debug] &amp#27;[35m[ADB]&amp#27;[39m Trying to find 'emuladorECI' emulator
[debug] &amp#27;[35m[ADB]&amp#27;[39m Getting connected emulators
[debug] &amp#27;[35m[ADB]&amp#27;[39m Getting connected devices
[debug] &amp#27;[35m[ADB]&amp#27;[39m No connected devices have been detected
[debug] &amp#27;[35m[ADB]&amp#27;[39m 0 emulators connected
[debug] &amp#27;[35m[ADB]&amp#27;[39m Emulator 'emuladorECI' not running
[debug] &amp#27;[35m[ADB]&amp#27;[39m Trying to find 'emuladorECI' emulator
[debug] &amp#27;[35m[ADB]&amp#27;[39m Getting connected emulators
[debug] &amp#27;[35m[ADB]&amp#27;[39m Getting connected devices
[debug] &amp#27;[35m[ADB]&amp#27;[39m No connected devices have been detected
[debug] &amp#27;[35m[ADB]&amp#27;[39m 0 emulators connected
[debug] &amp#27;[35m[ADB]&amp#27;[39m Emulator 'emuladorECI' not running
[debug] &amp#27;[35m[ADB]&amp#27;[39m Trying to find 'emuladorECI' emulator
[debug] &amp#27;[35m[ADB]&amp#27;[39m Getting connected emulators
[debug] &amp#27;[35m[ADB]&amp#27;[39m Getting connected devices
[debug] &amp#27;[35m[ADB]&amp#27;[39m No connected devices have been detected
[debug] &amp#27;[35m[ADB]&amp#27;[39m 0 emulators connected
[debug] &amp#27;[35m[ADB]&amp#27;[39m Emulator 'emuladorECI' not running
[debug] &amp#27;[35m[ADB]&amp#27;[39m Trying to find 'emuladorECI' emulator
[debug] &amp#27;[35m[ADB]&amp#27;[39m Getting connected emulators
[debug] &amp#27;[35m[ADB]&amp#27;[39m Getting connected devices
[debug] &amp#27;[35m[ADB]&amp#27;[39m No connected devices have been detected
[debug] &amp#27;[35m[ADB]&amp#27;[39m 0 emulators connected
[debug] &amp#27;[35m[ADB]&amp#27;[39m Emulator 'emuladorECI' not running
[debug] &amp#27;[35m[ADB]&amp#27;[39m Trying to find 'emuladorECI' emulator
[debug] &amp#27;[35m[ADB]&amp#27;[39m Getting connected emulators
[debug] &amp#27;[35m[ADB]&amp#27;[39m Getting connected devices
[debug] &amp#27;[35m[ADB]&amp#27;[39m No connected devices have been detected
[debug] &amp#27;[35m[ADB]&amp#27;[39m 0 emulators connected
[debug] &amp#27;[35m[ADB]&amp#27;[39m Emulator 'emuladorECI' not running
[debug] &amp#27;[35m[ADB]&amp#27;[39m Trying to find 'emuladorECI' emulator
[debug] &amp#27;[35m[ADB]&amp#27;[39m Getting connected emulators
[debug] &amp#27;[35m[ADB]&amp#27;[39m Getting connected devices
[debug] &amp#27;[35m[ADB]&amp#27;[39m No connected devices have been detected
[debug] &amp#27;[35m[ADB]&amp#27;[39m 0 emulators connected
[debug] &amp#27;[35m[ADB]&amp#27;[39m Emulator 'emuladorECI' not running
[debug] &amp#27;[35m[ADB]&amp#27;[39m Trying to find 'emuladorECI' emulator
[debug] &amp#27;[35m[ADB]&amp#27;[39m Getting connected emulators
[debug] &amp#27;[35m[ADB]&amp#27;[39m Getting connected devices
[debug] &amp#27;[35m[ADB]&amp#27;[39m No connected devices have been detected
[debug] &amp#27;[35m[ADB]&amp#27;[39m 0 emulators connected
[debug] &amp#27;[35m[ADB]&amp#27;[39m Emulator 'emuladorECI' not running
[debug] &amp#27;[35m[ADB]&amp#27;[39m Trying to find 'emuladorECI' emulator
[debug] &amp#27;[35m[ADB]&amp#27;[39m Getting connected emulators
[debug] &amp#27;[35m[ADB]&amp#27;[39m Getting connected devices
[debug] &amp#27;[35m[ADB]&amp#27;[39m No connected devices have been detected
[debug] &amp#27;[35m[ADB]&amp#27;[39m 0 emulators connected
[debug] &amp#27;[35m[ADB]&amp#27;[39m Emulator 'emuladorECI' not running
[debug] &amp#27;[35m[ADB]&amp#27;[39m Trying to find 'emuladorECI' emulator
[debug] &amp#27;[35m[ADB]&amp#27;[39m Getting connected emulators
[debug] &amp#27;[35m[ADB]&amp#27;[39m Getting connected devices
[debug] &amp#27;[35m[ADB]&amp#27;[39m No connected devices have been detected
[debug] &amp#27;[35m[ADB]&amp#27;[39m 0 emulators connected
[debug] &amp#27;[35m[ADB]&amp#27;[39m Emulator 'emuladorECI' not running
[debug] &amp#27;[35m[ADB]&amp#27;[39m Trying to find 'emuladorECI' emulator
[debug] &amp#27;[35m[ADB]&amp#27;[39m Getting connected emulators
[debug] &amp#27;[35m[ADB]&amp#27;[39m Getting connected devices
[debug] &amp#27;[35m[ADB]&amp#27;[39m No connected devices have been detected
[debug] &amp#27;[35m[ADB]&amp#27;[39m 0 emulators connected
[debug] &amp#27;[35m[ADB]&amp#27;[39m Emulator 'emuladorECI' not running
[debug] &amp#27;[35m[ADB]&amp#27;[39m Trying to find 'emuladorECI' emulator
[debug] &amp#27;[35m[ADB]&amp#27;[39m Getting connected emulators
[debug] &amp#27;[35m[ADB]&amp#27;[39m Getting connected devices
[debug] &amp#27;[35m[ADB]&amp#27;[39m No connected devices have been detected
[debug] &amp#27;[35m[ADB]&amp#27;[39m 0 emulators connected
[debug] &amp#27;[35m[ADB]&amp#27;[39m Emulator 'emuladorECI' not running
[debug] &amp#27;[35m[ADB]&amp#27;[39m Trying to find 'emuladorECI' emulator
[debug] &amp#27;[35m[ADB]&amp#27;[39m Getting connected emulators
[debug] &amp#27;[35m[ADB]&amp#27;[39m Getting connected devices
[debug] &amp#27;[35m[ADB]&amp#27;[39m No connected devices have been detected
[debug] &amp#27;[35m[ADB]&amp#27;[39m 0 emulators connected
[debug] &amp#27;[35m[ADB]&amp#27;[39m Emulator 'emuladorECI' not running
[debug] &amp#27;[35m[ADB]&amp#27;[39m Trying to find 'emuladorECI' emulator
[debug] &amp#27;[35m[ADB]&amp#27;[39m Getting connected emulators
[debug] &amp#27;[35m[ADB]&amp#27;[39m Getting connected devices
[debug] &amp#27;[35m[ADB]&amp#27;[39m No connected devices have been detected
[debug] &amp#27;[35m[ADB]&amp#27;[39m 0 emulators connected
[debug] &amp#27;[35m[ADB]&amp#27;[39m Emulator 'emuladorECI' not running
[debug] &amp#27;[35m[ADB]&amp#27;[39m Trying to find 'emuladorECI' emulator
[debug] &amp#27;[35m[ADB]&amp#27;[39m Getting connected emulators
[debug] &amp#27;[35m[ADB]&amp#27;[39m Getting connected devices
[debug] &amp#27;[35m[ADB]&amp#27;[39m No connected devices have been detected
[debug] &amp#27;[35m[ADB]&amp#27;[39m 0 emulators connected
[debug] &amp#27;[35m[ADB]&amp#27;[39m Emulator 'emuladorECI' not running
[debug] &amp#27;[35m[ADB]&amp#27;[39m Trying to find 'emuladorECI' emulator
[debug] &amp#27;[35m[ADB]&amp#27;[39m Getting connected emulators
[debug] &amp#27;[35m[ADB]&amp#27;[39m Getting connected devices
[debug] &amp#27;[35m[ADB]&amp#27;[39m No connected devices have been detected
[debug] &amp#27;[35m[ADB]&amp#27;[39m 0 emulators connected
[debug] &amp#27;[35m[ADB]&amp#27;[39m Emulator 'emuladorECI' not running
[debug] &amp#27;[35m[ADB]&amp#27;[39m Trying to find 'emuladorECI' emulator
[debug] &amp#27;[35m[ADB]&amp#27;[39m Getting connected emulators
[debug] &amp#27;[35m[ADB]&amp#27;[39m Getting connected devices
[debug] &amp#27;[35m[ADB]&amp#27;[39m No connected devices have been detected
[debug] &amp#27;[35m[ADB]&amp#27;[39m 0 emulators connected
[debug] &amp#27;[35m[ADB]&amp#27;[39m Emulator 'emuladorECI' not running
[debug] &amp#27;[35m[ADB]&amp#27;[39m Trying to find 'emuladorECI' emulator
[debug] &amp#27;[35m[ADB]&amp#27;[39m Getting connected emulators
[debug] &amp#27;[35m[ADB]&amp#27;[39m Getting connected devices
[debug] &amp#27;[35m[ADB]&amp#27;[39m No connected devices have been detected
[debug] &amp#27;[35m[ADB]&amp#27;[39m 0 emulators connected
[debug] &amp#27;[35m[ADB]&amp#27;[39m Emulator 'emuladorECI' not running
[debug] &amp#27;[35m[ADB]&amp#27;[39m Trying to find 'emuladorECI' emulator
[debug] &amp#27;[35m[ADB]&amp#27;[39m Getting connected emulators
[debug] &amp#27;[35m[ADB]&amp#27;[39m Getting connected devices
[debug] &amp#27;[35m[ADB]&amp#27;[39m No connected devices have been detected
[debug] &amp#27;[35m[ADB]&amp#27;[39m 0 emulators connected
[debug] &amp#27;[35m[ADB]&amp#27;[39m Emulator 'emuladorECI' not running
[debug] &amp#27;[35m[ADB]&amp#27;[39m Trying to find 'emuladorECI' emulator
[debug] &amp#27;[35m[ADB]&amp#27;[39m Getting connected emulators
[debug] &amp#27;[35m[ADB]&amp#27;[39m Getting connected devices
[debug] &amp#27;[35m[ADB]&amp#27;[39m No connected devices have been detected
[debug] &amp#27;[35m[ADB]&amp#27;[39m 0 emulators connected
[debug] &amp#27;[35m[ADB]&amp#27;[39m Emulator 'emuladorECI' not running
[debug] &amp#27;[35m[ADB]&amp#27;[39m Trying to find 'emuladorECI' emulator
[debug] &amp#27;[35m[ADB]&amp#27;[39m Getting connected emulators
[debug] &amp#27;[35m[ADB]&amp#27;[39m Getting connected devices
[debug] &amp#27;[35m[ADB]&amp#27;[39m No connected devices have been detected
[debug] &amp#27;[35m[ADB]&amp#27;[39m 0 emulators connected
[debug] &amp#27;[35m[ADB]&amp#27;[39m Emulator 'emuladorECI' not running
[debug] &amp#27;[35m[ADB]&amp#27;[39m Trying to find 'emuladorECI' emulator
[debug] &amp#27;[35m[ADB]&amp#27;[39m Getting connected emulators
[debug] &amp#27;[35m[ADB]&amp#27;[39m Getting connected devices
[debug] &amp#27;[35m[ADB]&amp#27;[39m No connected devices have been detected
[debug] &amp#27;[35m[ADB]&amp#27;[39m 0 emulators connected
[debug] &amp#27;[35m[ADB]&amp#27;[39m Emulator 'emuladorECI' not running
[debug] &amp#27;[35m[ADB]&amp#27;[39m Trying to find 'emuladorECI' emulator
[debug] &amp#27;[35m[ADB]&amp#27;[39m Getting connected emulators
[debug] &amp#27;[35m[ADB]&amp#27;[39m Getting connected devices
[debug] &amp#27;[35m[ADB]&amp#27;[39m No connected devices have been detected
[debug] &amp#27;[35m[ADB]&amp#27;[39m 0 emulators connected
[debug] &amp#27;[35m[ADB]&amp#27;[39m Emulator 'emuladorECI' not running
[debug] &amp#27;[35m[ADB]&amp#27;[39m Trying to find 'emuladorECI' emulator
[debug] &amp#27;[35m[ADB]&amp#27;[39m Getting connected emulators
[debug] &amp#27;[35m[ADB]&amp#27;[39m Getting connected devices
[debug] &amp#27;[35m[ADB]&amp#27;[39m No connected devices have been detected
[debug] &amp#27;[35m[ADB]&amp#27;[39m 0 emulators connected
[debug] &amp#27;[35m[ADB]&amp#27;[39m Emulator 'emuladorECI' not running
[debug] &amp#27;[35m[ADB]&amp#27;[39m Trying to find 'emuladorECI' emulator
[debug] &amp#27;[35m[ADB]&amp#27;[39m Getting connected emulators
[debug] &amp#27;[35m[ADB]&amp#27;[39m Getting connected devices
[debug] &amp#27;[35m[ADB]&amp#27;[39m No connected devices have been detected
[debug] &amp#27;[35m[ADB]&amp#27;[39m 0 emulators connected
[debug] &amp#27;[35m[ADB]&amp#27;[39m Emulator 'emuladorECI' not running
[debug] &amp#27;[35m[ADB]&amp#27;[39m Trying to find 'emuladorECI' emulator
[debug] &amp#27;[35m[ADB]&amp#27;[39m Getting connected emulators
[debug] &amp#27;[35m[ADB]&amp#27;[39m Getting connected devices
[debug] &amp#27;[35m[ADB]&amp#27;[39m No connected devices have been detected
[debug] &amp#27;[35m[ADB]&amp#27;[39m 0 emulators connected
[debug] &amp#27;[35m[ADB]&amp#27;[39m Emulator 'emuladorECI' not running
[debug] &amp#27;[35m[ADB]&amp#27;[39m Trying to find 'emuladorECI' emulator
[debug] &amp#27;[35m[ADB]&amp#27;[39m Getting connected emulators
[debug] &amp#27;[35m[ADB]&amp#27;[39m Getting connected devices
[debug] &amp#27;[35m[ADB]&amp#27;[39m No connected devices have been detected
[debug] &amp#27;[35m[ADB]&amp#27;[39m 0 emulators connected
[debug] &amp#27;[35m[ADB]&amp#27;[39m Emulator 'emuladorECI' not running
[debug] &amp#27;[35m[ADB]&amp#27;[39m Trying to find 'emuladorECI' emulator
[debug] &amp#27;[35m[ADB]&amp#27;[39m Getting connected emulators
[debug] &amp#27;[35m[ADB]&amp#27;[39m Getting connected devices
[debug] &amp#27;[35m[ADB]&amp#27;[39m No connected devices have been detected
[debug] &amp#27;[35m[ADB]&amp#27;[39m 0 emulators connected
[debug] &amp#27;[35m[ADB]&amp#27;[39m Emulator 'emuladorECI' not running
[debug] &amp#27;[35m[ADB]&amp#27;[39m Trying to find 'emuladorECI' emulator
[debug] &amp#27;[35m[ADB]&amp#27;[39m Getting connected emulators
[debug] &amp#27;[35m[ADB]&amp#27;[39m Getting connected devices
[debug] &amp#27;[35m[ADB]&amp#27;[39m No connected devices have been detected
[debug] &amp#27;[35m[ADB]&amp#27;[39m 0 emulators connected
[debug] &amp#27;[35m[ADB]&amp#27;[39m Emulator 'emuladorECI' not running
[debug] &amp#27;[35m[ADB]&amp#27;[39m Trying to find 'emuladorECI' emulator
[debug] &amp#27;[35m[ADB]&amp#27;[39m Getting connected emulators
[debug] &amp#27;[35m[ADB]&amp#27;[39m Getting connected devices
[debug] &amp#27;[35m[ADB]&amp#27;[39m No connected devices have been detected
[debug] &amp#27;[35m[ADB]&amp#27;[39m 0 emulators connected
[debug] &amp#27;[35m[ADB]&amp#27;[39m Emulator 'emuladorECI' not running
[debug] &amp#27;[35m[ADB]&amp#27;[39m Trying to find 'emuladorECI' emulator
[debug] &amp#27;[35m[ADB]&amp#27;[39m Getting connected emulators
[debug] &amp#27;[35m[ADB]&amp#27;[39m Getting connected devices
[debug] &amp#27;[35m[ADB]&amp#27;[39m No connected devices have been detected
[debug] &amp#27;[35m[ADB]&amp#27;[39m 0 emulators connected
[debug] &amp#27;[35m[ADB]&amp#27;[39m Emulator 'emuladorECI' not running
[debug] &amp#27;[35m[ADB]&amp#27;[39m Trying to find 'emuladorECI' emulator
[debug] &amp#27;[35m[ADB]&amp#27;[39m Getting connected emulators
[debug] &amp#27;[35m[ADB]&amp#27;[39m Getting connected devices
[debug] &amp#27;[35m[ADB]&amp#27;[39m No connected devices have been detected
[debug] &amp#27;[35m[ADB]&amp#27;[39m 0 emulators connected
[debug] &amp#27;[35m[ADB]&amp#27;[39m Emulator 'emuladorECI' not running
[debug] &amp#27;[35m[ADB]&amp#27;[39m Trying to find 'emuladorECI' emulator
[debug] &amp#27;[35m[ADB]&amp#27;[39m Getting connected emulators
[debug] &amp#27;[35m[ADB]&amp#27;[39m Getting connected devices
[debug] &amp#27;[35m[ADB]&amp#27;[39m No connected devices have been detected
[debug] &amp#27;[35m[ADB]&amp#27;[39m 0 emulators connected
[debug] &amp#27;[35m[ADB]&amp#27;[39m Emulator 'emuladorECI' not running
[debug] &amp#27;[35m[ADB]&amp#27;[39m Trying to find 'emuladorECI' emulator
[debug] &amp#27;[35m[ADB]&amp#27;[39m Getting connected emulators
[debug] &amp#27;[35m[ADB]&amp#27;[39m Getting connected devices
[debug] &amp#27;[35m[ADB]&amp#27;[39m No connected devices have been detected
[debug] &amp#27;[35m[ADB]&amp#27;[39m 0 emulators connected
[debug] &amp#27;[35m[ADB]&amp#27;[39m Emulator 'emuladorECI' not running
[debug] &amp#27;[35m[ADB]&amp#27;[39m Trying to find 'emuladorECI' emulator
[debug] &amp#27;[35m[ADB]&amp#27;[39m Getting connected emulators
[debug] &amp#27;[35m[ADB]&amp#27;[39m Getting connected devices
[debug] &amp#27;[35m[ADB]&amp#27;[39m No connected devices have been detected
[debug] &amp#27;[35m[ADB]&amp#27;[39m 0 emulators connected
[debug] &amp#27;[35m[ADB]&amp#27;[39m Emulator 'emuladorECI' not running
[debug] &amp#27;[35m[ADB]&amp#27;[39m Trying to find 'emuladorECI' emulator
[debug] &amp#27;[35m[ADB]&amp#27;[39m Getting connected emulators
[debug] &amp#27;[35m[ADB]&amp#27;[39m Getting connected devices
[debug] &amp#27;[35m[ADB]&amp#27;[39m No connected devices have been detected
[debug] &amp#27;[35m[ADB]&amp#27;[39m 0 emulators connected
[debug] &amp#27;[35m[ADB]&amp#27;[39m Emulator 'emuladorECI' not running
[debug] &amp#27;[35m[ADB]&amp#27;[39m Trying to find 'emuladorECI' emulator
[debug] &amp#27;[35m[ADB]&amp#27;[39m Getting connected emulators
[debug] &amp#27;[35m[ADB]&amp#27;[39m Getting connected devices
[debug] &amp#27;[35m[ADB]&amp#27;[39m No connected devices have been detected
[debug] &amp#27;[35m[ADB]&amp#27;[39m 0 emulators connected
[debug] &amp#27;[35m[ADB]&amp#27;[39m Emulator 'emuladorECI' not running
[debug] &amp#27;[35m[ADB]&amp#27;[39m Trying to find 'emuladorECI' emulator
[debug] &amp#27;[35m[ADB]&amp#27;[39m Getting connected emulators
[debug] &amp#27;[35m[ADB]&amp#27;[39m Getting connected devices
[debug] &amp#27;[35m[ADB]&amp#27;[39m No connected devices have been detected
[debug] &amp#27;[35m[ADB]&amp#27;[39m 0 emulators connected
[debug] &amp#27;[35m[ADB]&amp#27;[39m Emulator 'emuladorECI' not running
[debug] &amp#27;[35m[ADB]&amp#27;[39m Trying to find 'emuladorECI' emulator
[debug] &amp#27;[35m[ADB]&amp#27;[39m Getting connected emulators
[debug] &amp#27;[35m[ADB]&amp#27;[39m Getting connected devices
[debug] &amp#27;[35m[ADB]&amp#27;[39m No connected devices have been detected
[debug] &amp#27;[35m[ADB]&amp#27;[39m 0 emulators connected
[debug] &amp#27;[35m[ADB]&amp#27;[39m Emulator 'emuladorECI' not running
[debug] &amp#27;[35m[ADB]&amp#27;[39m Trying to find 'emuladorECI' emulator
[debug] &amp#27;[35m[ADB]&amp#27;[39m Getting connected emulators
[debug] &amp#27;[35m[ADB]&amp#27;[39m Getting connected devices
[debug] &amp#27;[35m[ADB]&amp#27;[39m No connected devices have been detected
[debug] &amp#27;[35m[ADB]&amp#27;[39m 0 emulators connected
[debug] &amp#27;[35m[ADB]&amp#27;[39m Emulator 'emuladorECI' not running
[debug] &amp#27;[35m[ADB]&amp#27;[39m Trying to find 'emuladorECI' emulator
[debug] &amp#27;[35m[ADB]&amp#27;[39m Getting connected emulators
[debug] &amp#27;[35m[ADB]&amp#27;[39m Getting connected devices
[debug] &amp#27;[35m[ADB]&amp#27;[39m No connected devices have been detected
[debug] &amp#27;[35m[ADB]&amp#27;[39m 0 emulators connected
[debug] &amp#27;[35m[ADB]&amp#27;[39m Emulator 'emuladorECI' not running
[debug] &amp#27;[35m[ADB]&amp#27;[39m Trying to find 'emuladorECI' emulator
[debug] &amp#27;[35m[ADB]&amp#27;[39m Getting connected emulators
[debug] &amp#27;[35m[ADB]&amp#27;[39m Getting connected devices
[debug] &amp#27;[35m[ADB]&amp#27;[39m No connected devices have been detected
[debug] &amp#27;[35m[ADB]&amp#27;[39m 0 emulators connected
[debug] &amp#27;[35m[ADB]&amp#27;[39m Emulator 'emuladorECI' not running
&amp#27;[35m[ADB]&amp#27;[39m [AVD OUTPUT] INFO    | boot completed
&amp#27;[35m[ADB]&amp#27;[39m [AVD OUTPUT] INFO    | boot time 49079 ms
&amp#27;[35m[ADB]&amp#27;[39m [AVD OUTPUT] INFO    | Increasing screen off timeout, logcat buffer size to 2M.
&amp#27;[35m[ADB]&amp#27;[39m [AVD OUTPUT] INFO    | Revoking microphone permissions for Google App.
[debug] &amp#27;[35m[ADB]&amp#27;[39m Trying to find 'emuladorECI' emulator
[debug] &amp#27;[35m[ADB]&amp#27;[39m Getting connected emulators
[debug] &amp#27;[35m[ADB]&amp#27;[39m Getting connected devices
[debug] &amp#27;[35m[ADB]&amp#27;[39m Connected devices: [{"udid":"emulator-5554","state":"device"}]
[debug] &amp#27;[35m[ADB]&amp#27;[39m 1 emulator connected
[debug] &amp#27;[35m[ADB]&amp#27;[39m Overriding /Users/juan.pablo.bejarano/.emulator_console_auth_token with an empty string to avoid telnet authentication for emulator commands
[debug] &amp#27;[35m[ADB]&amp#27;[39m Executing Emulator console command: avd name
[debug] &amp#27;[35m[ADB]&amp#27;[39m Found emulator 'emuladorECI' on port 5554
[debug] &amp#27;[35m[ADB]&amp#27;[39m Setting device id to emulator-5554
[debug] &amp#27;[35m[ADB]&amp#27;[39m Running '/Users/juan.pablo.bejarano/Library/Android/sdk/platform-tools/adb -P 5037 -s emulator-5554 wait-for-device'
&amp#27;[35m[AndroidDriver]&amp#27;[39m Using device: emulator-5554
&amp#27;[35m[ADB]&amp#27;[39m Using 'adb' from '/Users/juan.pablo.bejarano/Library/Android/sdk/platform-tools/adb'
[debug] &amp#27;[35m[ADB]&amp#27;[39m Running '/Users/juan.pablo.bejarano/Library/Android/sdk/platform-tools/adb -P 5037 start-server'
[debug] &amp#27;[35m[ADB]&amp#27;[39m Setting device id to emulator-5554
[debug] &amp#27;[35m[ADB]&amp#27;[39m Running '/Users/juan.pablo.bejarano/Library/Android/sdk/platform-tools/adb -P 5037 -s emulator-5554 shell getprop ro.build.version.sdk'
[debug] &amp#27;[35m[ADB]&amp#27;[39m Current device property 'ro.build.version.sdk': 30
&amp#27;[35m[ADB]&amp#27;[39m Getting device platform version
[debug] &amp#27;[35m[ADB]&amp#27;[39m Running '/Users/juan.pablo.bejarano/Library/Android/sdk/platform-tools/adb -P 5037 -s emulator-5554 shell getprop ro.build.version.release'
[debug] &amp#27;[35m[ADB]&amp#27;[39m Current device property 'ro.build.version.release': 11
[debug] &amp#27;[35m[ADB]&amp#27;[39m Device API level: 30
&amp#27;[35m[UiAutomator2]&amp#27;[39m Relaxing hidden api policy
[debug] &amp#27;[35m[ADB]&amp#27;[39m Running '/Users/juan.pablo.bejarano/Library/Android/sdk/platform-tools/adb -P 5037 -s emulator-5554 shell 'settings put global hidden_api_policy_pre_p_apps 1;settings put global hidden_api_policy_p_apps 1;settings put global hidden_api_policy 1''
[debug] &amp#27;[35m[AndroidDriver]&amp#27;[39m Parsing package and activity from app manifest
&amp#27;[35m[ADB]&amp#27;[39m Package name: 'com.elcorteingles.app.pre'
&amp#27;[35m[ADB]&amp#27;[39m Main activity name: 'com.elcorteingles.app.onboarding.view.OnboardingActivity'
[debug] &amp#27;[35m[AndroidDriver]&amp#27;[39m Parsed package and activity are: com.elcorteingles.app.pre/com.elcorteingles.app.onboarding.view.OnboardingActivity
[debug] &amp#27;[35m[ADB]&amp#27;[39m Running '/Users/juan.pablo.bejarano/Library/Android/sdk/platform-tools/adb -P 5037 -s emulator-5554 wait-for-device'
[debug] &amp#27;[35m[ADB]&amp#27;[39m Running '/Users/juan.pablo.bejarano/Library/Android/sdk/platform-tools/adb -P 5037 -s emulator-5554 shell echo ping'
[debug] &amp#27;[35m[AndroidDriver]&amp#27;[39m Pushing settings apk to device...
[debug] &amp#27;[35m[ADB]&amp#27;[39m Getting install status for io.appium.settings
[debug] &amp#27;[35m[ADB]&amp#27;[39m Running '/Users/juan.pablo.bejarano/Library/Android/sdk/platform-tools/adb -P 5037 -s emulator-5554 shell dumpsys package io.appium.settings'
[debug] &amp#27;[35m[ADB]&amp#27;[39m 'io.appium.settings' is installed
[debug] &amp#27;[35m[ADB]&amp#27;[39m Getting package info for 'io.appium.settings'
[debug] &amp#27;[35m[ADB]&amp#27;[39m Running '/Users/juan.pablo.bejarano/Library/Android/sdk/platform-tools/adb -P 5037 -s emulator-5554 shell dumpsys package io.appium.settings'
[debug] &amp#27;[35m[ADB]&amp#27;[39m The version name of the installed 'io.appium.settings' is greater or equal to the application version name ('3.4.0' >= '3.4.0')
[debug] &amp#27;[35m[ADB]&amp#27;[39m There is no need to install/upgrade '/usr/local/lib/node_modules/appium/node_modules/io.appium.settings/apks/settings_apk-debug.apk'
[debug] &amp#27;[35m[ADB]&amp#27;[39m Getting IDs of all 'io.appium.settings' processes
[debug] &amp#27;[35m[ADB]&amp#27;[39m Running '/Users/juan.pablo.bejarano/Library/Android/sdk/platform-tools/adb -P 5037 -s emulator-5554 shell 'pgrep --help; echo $?''
[debug] &amp#27;[35m[ADB]&amp#27;[39m Running '/Users/juan.pablo.bejarano/Library/Android/sdk/platform-tools/adb -P 5037 -s emulator-5554 shell pgrep -f \(\[\[:blank:\]\]\|\^\)io\.appium\.settings\(\[\[:blank:\]\]\|\$\)'
[debug] &amp#27;[35m[ADB]&amp#27;[39m Getting IDs of all 'io.appium.settings' processes
[debug] &amp#27;[35m[ADB]&amp#27;[39m Running '/Users/juan.pablo.bejarano/Library/Android/sdk/platform-tools/adb -P 5037 -s emulator-5554 shell pgrep -f \(\[\[:blank:\]\]\|\^\)io\.appium\.settings\(\[\[:blank:\]\]\|\$\)'
[debug] &amp#27;[35m[ADB]&amp#27;[39m Starting Appium Settings app
[debug] &amp#27;[35m[ADB]&amp#27;[39m Running '/Users/juan.pablo.bejarano/Library/Android/sdk/platform-tools/adb -P 5037 -s emulator-5554 shell am start -n io.appium.settings/.Settings -a android.intent.action.MAIN -c android.intent.category.LAUNCHER'
[debug] &amp#27;[35m[ADB]&amp#27;[39m Getting IDs of all 'io.appium.settings' processes
[debug] &amp#27;[35m[ADB]&amp#27;[39m Running '/Users/juan.pablo.bejarano/Library/Android/sdk/platform-tools/adb -P 5037 -s emulator-5554 shell pgrep -f \(\[\[:blank:\]\]\|\^\)io\.appium\.settings\(\[\[:blank:\]\]\|\$\)'
[debug] &amp#27;[35m[ADB]&amp#27;[39m Getting IDs of all 'io.appium.settings' processes
[debug] &amp#27;[35m[ADB]&amp#27;[39m Running '/Users/juan.pablo.bejarano/Library/Android/sdk/platform-tools/adb -P 5037 -s emulator-5554 shell pgrep -f \(\[\[:blank:\]\]\|\^\)io\.appium\.settings\(\[\[:blank:\]\]\|\$\)'
[debug] &amp#27;[35m[Logcat]&amp#27;[39m Starting logs capture with command: /Users/juan.pablo.bejarano/Library/Android/sdk/platform-tools/adb -P 5037 -s emulator-5554 logcat -v threadtime
[debug] &amp#27;[35m[UiAutomator2]&amp#27;[39m Forwarding UiAutomator2 Server port 6790 to local port 8200
[debug] &amp#27;[35m[ADB]&amp#27;[39m Forwarding system: 8200 to device: 6790
[debug] &amp#27;[35m[ADB]&amp#27;[39m Running '/Users/juan.pablo.bejarano/Library/Android/sdk/platform-tools/adb -P 5037 -s emulator-5554 forward tcp:8200 tcp:6790'
[debug] &amp#27;[35m[ADB]&amp#27;[39m Getting install status for io.appium.uiautomator2.server
[debug] &amp#27;[35m[ADB]&amp#27;[39m Running '/Users/juan.pablo.bejarano/Library/Android/sdk/platform-tools/adb -P 5037 -s emulator-5554 shell dumpsys package io.appium.uiautomator2.server'
[debug] &amp#27;[35m[ADB]&amp#27;[39m 'io.appium.uiautomator2.server' is installed
[debug] &amp#27;[35m[ADB]&amp#27;[39m Getting package info for 'io.appium.uiautomator2.server'
[debug] &amp#27;[35m[ADB]&amp#27;[39m Running '/Users/juan.pablo.bejarano/Library/Android/sdk/platform-tools/adb -P 5037 -s emulator-5554 shell dumpsys package io.appium.uiautomator2.server'
[debug] &amp#27;[35m[ADB]&amp#27;[39m The version name of the installed 'io.appium.uiautomator2.server' is greater or equal to the application version name ('4.27.0' >= '4.27.0')
[debug] &amp#27;[35m[UiAutomator2]&amp#27;[39m io.appium.uiautomator2.server installation state: sameVersionInstalled
[debug] &amp#27;[35m[ADB]&amp#27;[39m Checking app cert for /usr/local/lib/node_modules/appium/node_modules/appium-uiautomator2-server/apks/appium-uiautomator2-server-v4.27.0.apk
&amp#27;[35m[ADB]&amp#27;[39m Using 'apksigner.jar' from '/Users/juan.pablo.bejarano/Library/Android/sdk/build-tools/32.0.0/lib/apksigner.jar'
[debug] &amp#27;[35m[ADB]&amp#27;[39m Starting apksigner: /Library/Java/JavaVirtualMachines/jdk1.8.0_202.jdk/Contents/Home/bin/java -Xmx1024M -Xss1m -jar /Users/juan.pablo.bejarano/Library/Android/sdk/build-tools/32.0.0/lib/apksigner.jar verify --print-certs /usr/local/lib/node_modules/appium/node_modules/appium-uiautomator2-server/apks/appium-uiautomator2-server-v4.27.0.apk
[debug] &amp#27;[35m[ADB]&amp#27;[39m apksigner stdout: Signer #1 certificate DN: EMAILADDRESS=android@android.com, CN=Android, OU=Android, O=Android, L=Mountain View, ST=California, C=US
[debug] &amp#27;[35m[ADB]&amp#27;[39m Signer #1 certificate SHA-256 digest: a40da80a59d170caa950cf15c18c454d47a39b26989d8b640ecd745ba71bf5dc
[debug] &amp#27;[35m[ADB]&amp#27;[39m Signer #1 certificate SHA-1 digest: 61ed377e85d386a8dfee6b864bd85b0bfaa5af81
[debug] &amp#27;[35m[ADB]&amp#27;[39m Signer #1 certificate MD5 digest: e89b158e4bcf988ebd09eb83f5378e87
[debug] &amp#27;[35m[ADB]&amp#27;[39m 
[debug] &amp#27;[35m[ADB]&amp#27;[39m sha256 hash did match for 'appium-uiautomator2-server-v4.27.0.apk'
&amp#27;[35m[ADB]&amp#27;[39m '/usr/local/lib/node_modules/appium/node_modules/appium-uiautomator2-server/apks/appium-uiautomator2-server-v4.27.0.apk' is signed with the default certificate
[debug] &amp#27;[35m[ADB]&amp#27;[39m Getting install status for io.appium.uiautomator2.server.test
[debug] &amp#27;[35m[ADB]&amp#27;[39m Running '/Users/juan.pablo.bejarano/Library/Android/sdk/platform-tools/adb -P 5037 -s emulator-5554 shell dumpsys package io.appium.uiautomator2.server.test'
[debug] &amp#27;[35m[ADB]&amp#27;[39m 'io.appium.uiautomator2.server.test' is installed
[debug] &amp#27;[35m[ADB]&amp#27;[39m Checking app cert for /usr/local/lib/node_modules/appium/node_modules/appium-uiautomator2-server/apks/appium-uiautomator2-server-debug-androidTest.apk
[debug] &amp#27;[35m[ADB]&amp#27;[39m Starting apksigner: /Library/Java/JavaVirtualMachines/jdk1.8.0_202.jdk/Contents/Home/bin/java -Xmx1024M -Xss1m -jar /Users/juan.pablo.bejarano/Library/Android/sdk/build-tools/32.0.0/lib/apksigner.jar verify --print-certs /usr/local/lib/node_modules/appium/node_modules/appium-uiautomator2-server/apks/appium-uiautomator2-server-debug-androidTest.apk
[debug] &amp#27;[35m[ADB]&amp#27;[39m apksigner stdout: Signer #1 certificate DN: EMAILADDRESS=android@android.com, CN=Android, OU=Android, O=Android, L=Mountain View, ST=California, C=US
[debug] &amp#27;[35m[ADB]&amp#27;[39m Signer #1 certificate SHA-256 digest: a40da80a59d170caa950cf15c18c454d47a39b26989d8b640ecd745ba71bf5dc
[debug] &amp#27;[35m[ADB]&amp#27;[39m Signer #1 certificate SHA-1 digest: 61ed377e85d386a8dfee6b864bd85b0bfaa5af81
[debug] &amp#27;[35m[ADB]&amp#27;[39m Signer #1 certificate MD5 digest: e89b158e4bcf988ebd09eb83f5378e87
[debug] &amp#27;[35m[ADB]&amp#27;[39m 
[debug] &amp#27;[35m[ADB]&amp#27;[39m sha256 hash did match for 'appium-uiautomator2-server-debug-androidTest.apk'
&amp#27;[35m[ADB]&amp#27;[39m '/usr/local/lib/node_modules/appium/node_modules/appium-uiautomator2-server/apks/appium-uiautomator2-server-debug-androidTest.apk' is signed with the default certificate
&amp#27;[35m[UiAutomator2]&amp#27;[39m Server packages are not going to be (re)installed
[debug] &amp#27;[35m[UiAutomator2]&amp#27;[39m Waiting up to 30000ms for services to be available
[debug] &amp#27;[35m[ADB]&amp#27;[39m Running '/Users/juan.pablo.bejarano/Library/Android/sdk/platform-tools/adb -P 5037 -s emulator-5554 shell pm list instrumentation'
[debug] &amp#27;[35m[UiAutomator2]&amp#27;[39m Instrumentation target 'io.appium.uiautomator2.server.test/androidx.test.runner.AndroidJUnitRunner' is available
&amp#27;[35m[ADB]&amp#27;[39m Adding packages ["io.appium.settings","io.appium.uiautomator2.server","io.appium.uiautomator2.server.test"] to Doze whitelist
[debug] &amp#27;[35m[ADB]&amp#27;[39m Got the following command chunks to execute: [["dumpsys","deviceidle","whitelist","+io.appium.settings",";","dumpsys","deviceidle","whitelist","+io.appium.uiautomator2.server",";","dumpsys","deviceidle","whitelist","+io.appium.uiautomator2.server.test",";"]]
[debug] &amp#27;[35m[ADB]&amp#27;[39m Running '/Users/juan.pablo.bejarano/Library/Android/sdk/platform-tools/adb -P 5037 -s emulator-5554 shell dumpsys deviceidle whitelist +io.appium.settings ; dumpsys deviceidle whitelist +io.appium.uiautomator2.server ; dumpsys deviceidle whitelist +io.appium.uiautomator2.server.test ;'
[debug] &amp#27;[35m[ADB]&amp#27;[39m Checking app cert for /Users/juan.pablo.bejarano/Desktop/elcorteinglesPRE.apk
[debug] &amp#27;[35m[ADB]&amp#27;[39m Starting apksigner: /Library/Java/JavaVirtualMachines/jdk1.8.0_202.jdk/Contents/Home/bin/java -Xmx1024M -Xss1m -jar /Users/juan.pablo.bejarano/Library/Android/sdk/build-tools/32.0.0/lib/apksigner.jar verify --print-certs /Users/juan.pablo.bejarano/Desktop/elcorteinglesPRE.apk
[debug] &amp#27;[35m[ADB]&amp#27;[39m apksigner stdout: Signer #1 certificate DN: C=US, O=Android, CN=Android Debug
[debug] &amp#27;[35m[ADB]&amp#27;[39m Signer #1 certificate SHA-256 digest: dbadb296dc7c6ba2a87fb429b76519d4d30e8762492419d5cda00ba67215fd8f
[debug] &amp#27;[35m[ADB]&amp#27;[39m Signer #1 certificate SHA-1 digest: 5f897d118b89a11fec380118bc84ac4693d80fc4
[debug] &amp#27;[35m[ADB]&amp#27;[39m Signer #1 certificate MD5 digest: 7879cd6d29eb607a881325c3e00d87d7
[debug] &amp#27;[35m[ADB]&amp#27;[39m 
&amp#27;[35m[ADB]&amp#27;[39m '/Users/juan.pablo.bejarano/Desktop/elcorteinglesPRE.apk' is signed with a non-default certificate
[debug] &amp#27;[35m[ADB]&amp#27;[39m Getting install status for com.elcorteingles.app.pre
[debug] &amp#27;[35m[ADB]&amp#27;[39m Running '/Users/juan.pablo.bejarano/Library/Android/sdk/platform-tools/adb -P 5037 -s emulator-5554 shell dumpsys package com.elcorteingles.app.pre'
[debug] &amp#27;[35m[ADB]&amp#27;[39m 'com.elcorteingles.app.pre' is installed
[debug] &amp#27;[35m[ADB]&amp#27;[39m Getting package info for 'com.elcorteingles.app.pre'
[debug] &amp#27;[35m[ADB]&amp#27;[39m Running '/Users/juan.pablo.bejarano/Library/Android/sdk/platform-tools/adb -P 5037 -s emulator-5554 shell dumpsys package com.elcorteingles.app.pre'
[debug] &amp#27;[35m[ADB]&amp#27;[39m The version name of the installed 'com.elcorteingles.app.pre' is greater or equal to the application version name ('1.0.1' >= '1.0.1')
[debug] &amp#27;[35m[ADB]&amp#27;[39m There is no need to install/upgrade '/Users/juan.pablo.bejarano/Desktop/elcorteinglesPRE.apk'
&amp#27;[35m[AndroidDriver]&amp#27;[39m Performing fast reset on 'com.elcorteingles.app.pre'
[debug] &amp#27;[35m[ADB]&amp#27;[39m Getting install status for com.elcorteingles.app.pre
[debug] &amp#27;[35m[ADB]&amp#27;[39m Running '/Users/juan.pablo.bejarano/Library/Android/sdk/platform-tools/adb -P 5037 -s emulator-5554 shell dumpsys package com.elcorteingles.app.pre'
[debug] &amp#27;[35m[ADB]&amp#27;[39m 'com.elcorteingles.app.pre' is installed
[debug] &amp#27;[35m[ADB]&amp#27;[39m Running '/Users/juan.pablo.bejarano/Library/Android/sdk/platform-tools/adb -P 5037 -s emulator-5554 shell am force-stop com.elcorteingles.app.pre'
[debug] &amp#27;[35m[ADB]&amp#27;[39m Running '/Users/juan.pablo.bejarano/Library/Android/sdk/platform-tools/adb -P 5037 -s emulator-5554 shell pm clear com.elcorteingles.app.pre'
[debug] &amp#27;[35m[AndroidDriver]&amp#27;[39m Performed fast reset on the installed 'com.elcorteingles.app.pre' application (stop and clear)
[debug] &amp#27;[35m[UiAutomator2]&amp#27;[39m Performing shallow cleanup of automation leftovers
[debug] &amp#27;[35m[UiAutomator2]&amp#27;[39m No obsolete sessions have been detected (socket hang up)
[debug] &amp#27;[35m[ADB]&amp#27;[39m Running '/Users/juan.pablo.bejarano/Library/Android/sdk/platform-tools/adb -P 5037 -s emulator-5554 shell am force-stop io.appium.uiautomator2.server.test'
&amp#27;[35m[UiAutomator2]&amp#27;[39m Starting UIAutomator2 server 4.27.0
&amp#27;[35m[UiAutomator2]&amp#27;[39m Using UIAutomator2 server from '/usr/local/lib/node_modules/appium/node_modules/appium-uiautomator2-server/apks/appium-uiautomator2-server-v4.27.0.apk' and test from '/usr/local/lib/node_modules/appium/node_modules/appium-uiautomator2-server/apks/appium-uiautomator2-server-debug-androidTest.apk'
&amp#27;[35m[UiAutomator2]&amp#27;[39m Waiting up to 30000ms for UiAutomator2 to be online...
[debug] &amp#27;[35m[ADB]&amp#27;[39m Creating ADB subprocess with args: ["-P",5037,"-s","emulator-5554","shell","am","instrument","-w","-e","disableAnalytics",true,"io.appium.uiautomator2.server.test/androidx.test.runner.AndroidJUnitRunner"]
[debug] &amp#27;[35m[WD Proxy]&amp#27;[39m Matched '/status' to command name 'getStatus'
[debug] &amp#27;[35m[WD Proxy]&amp#27;[39m Proxying [GET /status] to [GET http://127.0.0.1:8200/wd/hub/status] with no body
&amp#27;[35m[WD Proxy]&amp#27;[39m socket hang up
[debug] &amp#27;[35m[WD Proxy]&amp#27;[39m Matched '/status' to command name 'getStatus'
[debug] &amp#27;[35m[WD Proxy]&amp#27;[39m Proxying [GET /status] to [GET http://127.0.0.1:8200/wd/hub/status] with no body
&amp#27;[35m[WD Proxy]&amp#27;[39m socket hang up
[debug] &amp#27;[35m[WD Proxy]&amp#27;[39m Matched '/status' to command name 'getStatus'
[debug] &amp#27;[35m[WD Proxy]&amp#27;[39m Proxying [GET /status] to [GET http://127.0.0.1:8200/wd/hub/status] with no body
&amp#27;[35m[WD Proxy]&amp#27;[39m socket hang up
[debug] &amp#27;[35m[Instrumentation]&amp#27;[39m io.appium.uiautomator2.server.test.AppiumUiAutomator2Server:
[debug] &amp#27;[35m[WD Proxy]&amp#27;[39m Matched '/status' to command name 'getStatus'
[debug] &amp#27;[35m[WD Proxy]&amp#27;[39m Proxying [GET /status] to [GET http://127.0.0.1:8200/wd/hub/status] with no body
&amp#27;[35m[WD Proxy]&amp#27;[39m socket hang up
[debug] &amp#27;[35m[WD Proxy]&amp#27;[39m Matched '/status' to command name 'getStatus'
[debug] &amp#27;[35m[WD Proxy]&amp#27;[39m Proxying [GET /status] to [GET http://127.0.0.1:8200/wd/hub/status] with no body
[debug] &amp#27;[35m[WD Proxy]&amp#27;[39m Got response with status 200: {"sessionId":"None","value":{"message":"UiAutomator2 Server is ready to accept commands","ready":true}}
[debug] &amp#27;[35m[UiAutomator2]&amp#27;[39m The initialization of the instrumentation process took 4294ms
[debug] &amp#27;[35m[WD Proxy]&amp#27;[39m Matched '/session' to command name 'createSession'
[debug] &amp#27;[35m[WD Proxy]&amp#27;[39m Proxying [POST /session] to [POST http://127.0.0.1:8200/wd/hub/session] with body: {"capabilities":{"firstMatch":[{"platform":"LINUX","webStorageEnabled":false,"takesScreenshot":true,"javascriptEnabled":true,"databaseEnabled":false,"networkConnectionEnabled":true,"locationContextEnabled":false,"warnings":{},"desired":{"platformName":"android","app":"/Users/juan.pablo.bejarano/Desktop/elcorteinglesPRE.apk","automationName":"UIAutomator2","avd":"emuladorECI","deviceName":"emuladorECI"},"platformName":"android","app":"/Users/juan.pablo.bejarano/Desktop/elcorteinglesPRE.apk","automationName":"UIAutomator2","avd":"emuladorECI","deviceName":"emulator-5554","deviceUDID":"emulator-5554","appPackage":"com.elcorteingles.app.pre"}],"alwaysMatch":{}}}
[debug] &amp#27;[35m[WD Proxy]&amp#27;[39m Got response with status 200: {"sessionId":"1bf1e73d-8245-49ba-988b-fd9b814f39ea","value":{"capabilities":{"firstMatch":[{"platform":"LINUX","webStorageEnabled":false,"takesScreenshot":true,"javascriptEnabled":true,"databaseEnabled":false,"networkConnectionEnabled":true,"locationContextEnabled":false,"warnings":{},"desired":{"platformName":"android","app":"/Users/juan.pablo.bejarano/Desktop/elcorteinglesPRE.apk","automationName":"UIAutomator2","avd":"emuladorECI","deviceName":"emuladorECI"},"platformName":"android","app":"/Users/juan.pablo.bejarano/Desktop/elcorteinglesPRE.apk","automationName":"UIAutomator2","avd":"emuladorECI","deviceName":"emulator-5554","deviceUDID":"emulator-5554","appPackage":"com.elcorteingles.app.pre"}],"alwaysMatch":{}},"sessionId":"1bf1e73d-8245-49ba-988b-fd9b814f39ea"}}
&amp#27;[35m[WD Proxy]&amp#27;[39m Determined the downstream protocol as 'W3C'
[debug] &amp#27;[35m[WD Proxy]&amp#27;[39m Proxying [GET /appium/device/info] to [GET http://127.0.0.1:8200/wd/hub/session/1bf1e73d-8245-49ba-988b-fd9b814f39ea/appium/device/info] with no body
[debug] &amp#27;[35m[WD Proxy]&amp#27;[39m Got response with status 200: {"sessionId":"1bf1e73d-8245-49ba-988b-fd9b814f39ea","value":{"androidId":"d5461a9773a4e681","apiVersion":"30","bluetooth":{"state":"ON"},"brand":"Android","carrierName":"Android","displayDensity":560,"locale":"en_US","manufacturer":"unknown","model":"Android SDK built for x86","networks":[{"capabilities":{"SSID":null,"linkDownBandwidthKbps":141000,"linkUpstreamBandwidthKbps":141000,"networkCapabilities":"NET_CAPABILITY_NOT_METERED,NET_CAPABILITY_INTERNET,NET_CAPABILITY_NOT_RESTRICTED,NET_CAPABILITY_TRUSTED,NET_CAPABILITY_NOT_VPN,NET_CAPABILITY_VALIDATED,NET_CAPABILITY_NOT_ROAMING,NET_CAPABILITY_FOREGROUND,NET_CAPABILITY_NOT_CONGESTED,NET_CAPABILITY_NOT_SUSPENDED","signalStrength":-30,"transportTypes":"TRANSPORT_WIFI"},"detailedState":"CONNECTED","extraInfo":"","isAvailable":true,"isConnected":true,"isFailover":false,"isRoaming":false,"state":"CONNECTED","subtype":0,"subtypeName":"","type":1,"typeName":"WIFI"},{"capabilities":{"SSID":null,"linkDownBandwidthKbps":30000,"linkUpstreamBandwidthKbps":15000,"netw...
[debug] &amp#27;[35m[ADB]&amp#27;[39m Running '/Users/juan.pablo.bejarano/Library/Android/sdk/platform-tools/adb -P 5037 -s emulator-5554 shell dumpsys window'
&amp#27;[35m[AndroidDriver]&amp#27;[39m Screen already unlocked, doing nothing
&amp#27;[35m[UiAutomator2]&amp#27;[39m Starting 'com.elcorteingles.app.pre/com.elcorteingles.app.onboarding.view.OnboardingActivity and waiting for 'com.elcorteingles.app.pre/com.elcorteingles.app.onboarding.view.OnboardingActivity'
[debug] &amp#27;[35m[ADB]&amp#27;[39m Running '/Users/juan.pablo.bejarano/Library/Android/sdk/platform-tools/adb -P 5037 -s emulator-5554 shell am start -W -n com.elcorteingles.app.pre/com.elcorteingles.app.onboarding.view.OnboardingActivity -S -a android.intent.action.MAIN -c android.intent.category.LAUNCHER -f 0x10200000'
[debug] &amp#27;[35m[ADB]&amp#27;[39m Waiting up to 20000ms for activity matching pkg: 'com.elcorteingles.app.pre' and activity: 'com.elcorteingles.app.onboarding.view.OnboardingActivity' to be focused
[debug] &amp#27;[35m[ADB]&amp#27;[39m Possible activities, to be checked: 'com.elcorteingles.app.onboarding.view.OnboardingActivity', 'com.elcorteingles.app.pre.com.elcorteingles.app.onboarding.view.OnboardingActivity'
[debug] &amp#27;[35m[ADB]&amp#27;[39m Getting focused package and activity
[debug] &amp#27;[35m[ADB]&amp#27;[39m Running '/Users/juan.pablo.bejarano/Library/Android/sdk/platform-tools/adb -P 5037 -s emulator-5554 shell dumpsys window displays'
[debug] &amp#27;[35m[ADB]&amp#27;[39m Found package: 'com.elcorteingles.app.pre' and fully qualified activity name : 'com.elcorteingles.app.onboarding.view.OnboardingActivity'
[debug] &amp#27;[35m[WD Proxy]&amp#27;[39m Proxying [GET /appium/device/pixel_ratio] to [GET http://127.0.0.1:8200/wd/hub/session/1bf1e73d-8245-49ba-988b-fd9b814f39ea/appium/device/pixel_ratio] with no body
[debug] &amp#27;[35m[WD Proxy]&amp#27;[39m Got response with status 200: {"sessionId":"1bf1e73d-8245-49ba-988b-fd9b814f39ea","value":3.5}
[debug] &amp#27;[35m[WD Proxy]&amp#27;[39m Matched '/appium/device/system_bars' to command name 'getSystemBars'
[debug] &amp#27;[35m[WD Proxy]&amp#27;[39m Proxying [GET /appium/device/system_bars] to [GET http://127.0.0.1:8200/wd/hub/session/1bf1e73d-8245-49ba-988b-fd9b814f39ea/appium/device/system_bars] with no body
[debug] &amp#27;[35m[WD Proxy]&amp#27;[39m Got response with status 200: {"sessionId":"1bf1e73d-8245-49ba-988b-fd9b814f39ea","value":{"statusBar":172}}
[debug] &amp#27;[35m[WD Proxy]&amp#27;[39m Matched '/window/current/size' to command name 'getWindowSize'
[debug] &amp#27;[35m[WD Proxy]&amp#27;[39m Proxying [GET /window/current/size] to [GET http://127.0.0.1:8200/wd/hub/session/1bf1e73d-8245-49ba-988b-fd9b814f39ea/window/current/size] with no body
[debug] &amp#27;[35m[WD Proxy]&amp#27;[39m Got response with status 200: {"sessionId":"1bf1e73d-8245-49ba-988b-fd9b814f39ea","value":{"height":2621,"width":1440}}
&amp#27;[35m[Appium]&amp#27;[39m New AndroidUiautomator2Driver session created successfully, session 90105099-248b-402e-813a-13864f31847c added to master session list
[debug] &amp#27;[35m[BaseDriver]&amp#27;[39m Event 'newSessionStarted' logged at 1642788187595 (19:03:07 GMT+0100 (Central European Standard Time))
[debug] &amp#27;[35m[W3C (90105099)]&amp#27;[39m Cached the protocol value 'W3C' for the new session 90105099-248b-402e-813a-13864f31847c
[debug] &amp#27;[35m[W3C (90105099)]&amp#27;[39m Responding to client with driver.createSession() result: {"capabilities":{"platform":"LINUX","webStorageEnabled":false,"takesScreenshot":true,"javascriptEnabled":true,"databaseEnabled":false,"networkConnectionEnabled":true,"locationContextEnabled":false,"warnings":{},"desired":{"platformName":"android","app":"/Users/juan.pablo.bejarano/Desktop/elcorteinglesPRE.apk","automationName":"UIAutomator2","avd":"emuladorECI","deviceName":"emuladorECI"},"platformName":"android","app":"/Users/juan.pablo.bejarano/Desktop/elcorteinglesPRE.apk","automationName":"UIAutomator2","avd":"emuladorECI","deviceName":"emulator-5554","deviceUDID":"emulator-5554","appPackage":"com.elcorteingles.app.pre","deviceApiLevel":30,"platformVersion":"11","deviceScreenSize":"1440x2960","deviceScreenDensity":560,"deviceModel":"Android SDK built for x86","deviceManufacturer":"unknown","pixelRatio":3.5,"statBarHeight":172,"viewportRect":{"left":0,"top":172,"width":1440,"height":2449}}}
&amp#27;[35m[HTTP]&amp#27;[39m &amp#27;[37m<-- POST /wd/hub/session &amp#27;[39m&amp#27;[32m200&amp#27;[39m &amp#27;[90m80423 ms - 966&amp#27;[39m
&amp#27;[35m[HTTP]&amp#27;[39m &amp#27;[90m&amp#27;[39m
&amp#27;[35m[HTTP]&amp#27;[39m &amp#27;[37m-->&amp#27;[39m &amp#27;[37mGET&amp#27;[39m &amp#27;[37m/wd/hub/session/90105099-248b-402e-813a-13864f31847c&amp#27;[39m
&amp#27;[35m[HTTP]&amp#27;[39m &amp#27;[90m{}&amp#27;[39m
[debug] &amp#27;[35m[W3C (90105099)]&amp#27;[39m Calling AppiumDriver.getSession() with args: ["90105099-248b-402e-813a-13864f31847c"]
[debug] &amp#27;[35m[UiAutomator2]&amp#27;[39m Getting session details from server to mix in
[debug] &amp#27;[35m[WD Proxy]&amp#27;[39m Matched '/' to command name 'getSession'
[debug] &amp#27;[35m[WD Proxy]&amp#27;[39m Proxying [GET /] to [GET http://127.0.0.1:8200/wd/hub/session/1bf1e73d-8245-49ba-988b-fd9b814f39ea] with no body
[debug] &amp#27;[35m[WD Proxy]&amp#27;[39m Got response with status 200: {"sessionId":"1bf1e73d-8245-49ba-988b-fd9b814f39ea","value":{"lastScrollData":null}}
[debug] &amp#27;[35m[W3C (90105099)]&amp#27;[39m Responding to client with driver.getSession() result: {"platform":"LINUX","webStorageEnabled":false,"takesScreenshot":true,"javascriptEnabled":true,"databaseEnabled":false,"networkConnectionEnabled":true,"locationContextEnabled":false,"warnings":{},"desired":{"platformName":"android","app":"/Users/juan.pablo.bejarano/Desktop/elcorteinglesPRE.apk","automationName":"UIAutomator2","avd":"emuladorECI","deviceName":"emuladorECI"},"platformName":"android","app":"/Users/juan.pablo.bejarano/Desktop/elcorteinglesPRE.apk","automationName":"UIAutomator2","avd":"emuladorECI","deviceName":"emulator-5554","deviceUDID":"emulator-5554","appPackage":"com.elcorteingles.app.pre","deviceApiLevel":30,"platformVersion":"11","deviceScreenSize":"1440x2960","deviceScreenDensity":560,"deviceModel":"Android SDK built for x86","deviceManufacturer":"unknown","pixelRatio":3.5,"statBarHeight":172,"viewportRect":{"left":0,"top":172,"width":1440,"height":2449},"lastScrollData":null}
&amp#27;[35m[HTTP]&amp#27;[39m &amp#27;[37m<-- GET /wd/hub/session/90105099-248b-402e-813a-13864f31847c &amp#27;[39m&amp#27;[32m200&amp#27;[39m &amp#27;[90m20 ms - 920&amp#27;[39m
&amp#27;[35m[HTTP]&amp#27;[39m &amp#27;[90m&amp#27;[39m
&amp#27;[35m[HTTP]&amp#27;[39m &amp#27;[37m-->&amp#27;[39m &amp#27;[37mGET&amp#27;[39m &amp#27;[37m/wd/hub/session/90105099-248b-402e-813a-13864f31847c&amp#27;[39m
&amp#27;[35m[HTTP]&amp#27;[39m &amp#27;[90m{}&amp#27;[39m
[debug] &amp#27;[35m[W3C (90105099)]&amp#27;[39m Calling AppiumDriver.getSession() with args: ["90105099-248b-402e-813a-13864f31847c"]
[debug] &amp#27;[35m[UiAutomator2]&amp#27;[39m Getting session details from server to mix in
[debug] &amp#27;[35m[WD Proxy]&amp#27;[39m Matched '/' to command name 'getSession'
[debug] &amp#27;[35m[WD Proxy]&amp#27;[39m Proxying [GET /] to [GET http://127.0.0.1:8200/wd/hub/session/1bf1e73d-8245-49ba-988b-fd9b814f39ea] with no body
[debug] &amp#27;[35m[WD Proxy]&amp#27;[39m Got response with status 200: {"sessionId":"1bf1e73d-8245-49ba-988b-fd9b814f39ea","value":{"lastScrollData":null}}
[debug] &amp#27;[35m[W3C (90105099)]&amp#27;[39m Responding to client with driver.getSession() result: {"platform":"LINUX","webStorageEnabled":false,"takesScreenshot":true,"javascriptEnabled":true,"databaseEnabled":false,"networkConnectionEnabled":true,"locationContextEnabled":false,"warnings":{},"desired":{"platformName":"android","app":"/Users/juan.pablo.bejarano/Desktop/elcorteinglesPRE.apk","automationName":"UIAutomator2","avd":"emuladorECI","deviceName":"emuladorECI"},"platformName":"android","app":"/Users/juan.pablo.bejarano/Desktop/elcorteinglesPRE.apk","automationName":"UIAutomator2","avd":"emuladorECI","deviceName":"emulator-5554","deviceUDID":"emulator-5554","appPackage":"com.elcorteingles.app.pre","deviceApiLevel":30,"platformVersion":"11","deviceScreenSize":"1440x2960","deviceScreenDensity":560,"deviceModel":"Android SDK built for x86","deviceManufacturer":"unknown","pixelRatio":3.5,"statBarHeight":172,"viewportRect":{"left":0,"top":172,"width":1440,"height":2449},"lastScrollData":null}
&amp#27;[35m[HTTP]&amp#27;[39m &amp#27;[37m<-- GET /wd/hub/session/90105099-248b-402e-813a-13864f31847c &amp#27;[39m&amp#27;[32m200&amp#27;[39m &amp#27;[90m14 ms - 920&amp#27;[39m
&amp#27;[35m[HTTP]&amp#27;[39m &amp#27;[90m&amp#27;[39m
&amp#27;[35m[HTTP]&amp#27;[39m &amp#27;[37m-->&amp#27;[39m &amp#27;[37mPOST&amp#27;[39m &amp#27;[37m/wd/hub/session/90105099-248b-402e-813a-13864f31847c/timeouts&amp#27;[39m
&amp#27;[35m[HTTP]&amp#27;[39m &amp#27;[90m{"implicit":10000}&amp#27;[39m
[debug] &amp#27;[35m[W3C (90105099)]&amp#27;[39m Calling AppiumDriver.timeouts() with args: [null,null,null,null,10000,"90105099-248b-402e-813a-13864f31847c"]
[debug] &amp#27;[35m[BaseDriver]&amp#27;[39m W3C timeout argument: {"implicit":10000}}
[debug] &amp#27;[35m[BaseDriver]&amp#27;[39m Set implicit wait to 10000ms
[debug] &amp#27;[35m[W3C (90105099)]&amp#27;[39m Responding to client with driver.timeouts() result: null
&amp#27;[35m[HTTP]&amp#27;[39m &amp#27;[37m<-- POST /wd/hub/session/90105099-248b-402e-813a-13864f31847c/timeouts &amp#27;[39m&amp#27;[32m200&amp#27;[39m &amp#27;[90m4 ms - 14&amp#27;[39m
&amp#27;[35m[HTTP]&amp#27;[39m &amp#27;[90m&amp#27;[39m
&amp#27;[35m[HTTP]&amp#27;[39m &amp#27;[37m-->&amp#27;[39m &amp#27;[37mGET&amp#27;[39m &amp#27;[37m/wd/hub/session/90105099-248b-402e-813a-13864f31847c&amp#27;[39m
&amp#27;[35m[HTTP]&amp#27;[39m &amp#27;[90m{}&amp#27;[39m
[debug] &amp#27;[35m[W3C (90105099)]&amp#27;[39m Calling AppiumDriver.getSession() with args: ["90105099-248b-402e-813a-13864f31847c"]
[debug] &amp#27;[35m[UiAutomator2]&amp#27;[39m Getting session details from server to mix in
[debug] &amp#27;[35m[WD Proxy]&amp#27;[39m Matched '/' to command name 'getSession'
[debug] &amp#27;[35m[WD Proxy]&amp#27;[39m Proxying [GET /] to [GET http://127.0.0.1:8200/wd/hub/session/1bf1e73d-8245-49ba-988b-fd9b814f39ea] with no body
[debug] &amp#27;[35m[WD Proxy]&amp#27;[39m Got response with status 200: {"sessionId":"1bf1e73d-8245-49ba-988b-fd9b814f39ea","value":{"lastScrollData":null}}
[debug] &amp#27;[35m[W3C (90105099)]&amp#27;[39m Responding to client with driver.getSession() result: {"platform":"LINUX","webStorageEnabled":false,"takesScreenshot":true,"javascriptEnabled":true,"databaseEnabled":false,"networkConnectionEnabled":true,"locationContextEnabled":false,"warnings":{},"desired":{"platformName":"android","app":"/Users/juan.pablo.bejarano/Desktop/elcorteinglesPRE.apk","automationName":"UIAutomator2","avd":"emuladorECI","deviceName":"emuladorECI"},"platformName":"android","app":"/Users/juan.pablo.bejarano/Desktop/elcorteinglesPRE.apk","automationName":"UIAutomator2","avd":"emuladorECI","deviceName":"emulator-5554","deviceUDID":"emulator-5554","appPackage":"com.elcorteingles.app.pre","deviceApiLevel":30,"platformVersion":"11","deviceScreenSize":"1440x2960","deviceScreenDensity":560,"deviceModel":"Android SDK built for x86","deviceManufacturer":"unknown","pixelRatio":3.5,"statBarHeight":172,"viewportRect":{"left":0,"top":172,"width":1440,"height":2449},"lastScrollData":null}
&amp#27;[35m[HTTP]&amp#27;[39m &amp#27;[37m<-- GET /wd/hub/session/90105099-248b-402e-813a-13864f31847c &amp#27;[39m&amp#27;[32m200&amp#27;[39m &amp#27;[90m13 ms - 920&amp#27;[39m
&amp#27;[35m[HTTP]&amp#27;[39m &amp#27;[90m&amp#27;[39m
&amp#27;[35m[HTTP]&amp#27;[39m &amp#27;[37m-->&amp#27;[39m &amp#27;[37mGET&amp#27;[39m &amp#27;[37m/wd/hub/session/90105099-248b-402e-813a-13864f31847c&amp#27;[39m
&amp#27;[35m[HTTP]&amp#27;[39m &amp#27;[90m{}&amp#27;[39m
[debug] &amp#27;[35m[W3C (90105099)]&amp#27;[39m Calling AppiumDriver.getSession() with args: ["90105099-248b-402e-813a-13864f31847c"]
[debug] &amp#27;[35m[UiAutomator2]&amp#27;[39m Getting session details from server to mix in
[debug] &amp#27;[35m[WD Proxy]&amp#27;[39m Matched '/' to command name 'getSession'
[debug] &amp#27;[35m[WD Proxy]&amp#27;[39m Proxying [GET /] to [GET http://127.0.0.1:8200/wd/hub/session/1bf1e73d-8245-49ba-988b-fd9b814f39ea] with no body
[debug] &amp#27;[35m[WD Proxy]&amp#27;[39m Got response with status 200: {"sessionId":"1bf1e73d-8245-49ba-988b-fd9b814f39ea","value":{"lastScrollData":null}}
[debug] &amp#27;[35m[W3C (90105099)]&amp#27;[39m Responding to client with driver.getSession() result: {"platform":"LINUX","webStorageEnabled":false,"takesScreenshot":true,"javascriptEnabled":true,"databaseEnabled":false,"networkConnectionEnabled":true,"locationContextEnabled":false,"warnings":{},"desired":{"platformName":"android","app":"/Users/juan.pablo.bejarano/Desktop/elcorteinglesPRE.apk","automationName":"UIAutomator2","avd":"emuladorECI","deviceName":"emuladorECI"},"platformName":"android","app":"/Users/juan.pablo.bejarano/Desktop/elcorteinglesPRE.apk","automationName":"UIAutomator2","avd":"emuladorECI","deviceName":"emulator-5554","deviceUDID":"emulator-5554","appPackage":"com.elcorteingles.app.pre","deviceApiLevel":30,"platformVersion":"11","deviceScreenSize":"1440x2960","deviceScreenDensity":560,"deviceModel":"Android SDK built for x86","deviceManufacturer":"unknown","pixelRatio":3.5,"statBarHeight":172,"viewportRect":{"left":0,"top":172,"width":1440,"height":2449},"lastScrollData":null}
&amp#27;[35m[HTTP]&amp#27;[39m &amp#27;[37m<-- GET /wd/hub/session/90105099-248b-402e-813a-13864f31847c &amp#27;[39m&amp#27;[32m200&amp#27;[39m &amp#27;[90m13 ms - 920&amp#27;[39m
&amp#27;[35m[HTTP]&amp#27;[39m &amp#27;[90m&amp#27;[39m
&amp#27;[35m[HTTP]&amp#27;[39m &amp#27;[37m-->&amp#27;[39m &amp#27;[37mGET&amp#27;[39m &amp#27;[37m/wd/hub/session/90105099-248b-402e-813a-13864f31847c&amp#27;[39m
&amp#27;[35m[HTTP]&amp#27;[39m &amp#27;[90m{}&amp#27;[39m
[debug] &amp#27;[35m[W3C (90105099)]&amp#27;[39m Calling AppiumDriver.getSession() with args: ["90105099-248b-402e-813a-13864f31847c"]
[debug] &amp#27;[35m[UiAutomator2]&amp#27;[39m Getting session details from server to mix in
[debug] &amp#27;[35m[WD Proxy]&amp#27;[39m Matched '/' to command name 'getSession'
[debug] &amp#27;[35m[WD Proxy]&amp#27;[39m Proxying [GET /] to [GET http://127.0.0.1:8200/wd/hub/session/1bf1e73d-8245-49ba-988b-fd9b814f39ea] with no body
[debug] &amp#27;[35m[WD Proxy]&amp#27;[39m Got response with status 200: {"sessionId":"1bf1e73d-8245-49ba-988b-fd9b814f39ea","value":{"lastScrollData":null}}
[debug] &amp#27;[35m[W3C (90105099)]&amp#27;[39m Responding to client with driver.getSession() result: {"platform":"LINUX","webStorageEnabled":false,"takesScreenshot":true,"javascriptEnabled":true,"databaseEnabled":false,"networkConnectionEnabled":true,"locationContextEnabled":false,"warnings":{},"desired":{"platformName":"android","app":"/Users/juan.pablo.bejarano/Desktop/elcorteinglesPRE.apk","automationName":"UIAutomator2","avd":"emuladorECI","deviceName":"emuladorECI"},"platformName":"android","app":"/Users/juan.pablo.bejarano/Desktop/elcorteinglesPRE.apk","automationName":"UIAutomator2","avd":"emuladorECI","deviceName":"emulator-5554","deviceUDID":"emulator-5554","appPackage":"com.elcorteingles.app.pre","deviceApiLevel":30,"platformVersion":"11","deviceScreenSize":"1440x2960","deviceScreenDensity":560,"deviceModel":"Android SDK built for x86","deviceManufacturer":"unknown","pixelRatio":3.5,"statBarHeight":172,"viewportRect":{"left":0,"top":172,"width":1440,"height":2449},"lastScrollData":null}
&amp#27;[35m[HTTP]&amp#27;[39m &amp#27;[37m<-- GET /wd/hub/session/90105099-248b-402e-813a-13864f31847c &amp#27;[39m&amp#27;[32m200&amp#27;[39m &amp#27;[90m10 ms - 920&amp#27;[39m
&amp#27;[35m[HTTP]&amp#27;[39m &amp#27;[90m&amp#27;[39m
&amp#27;[35m[HTTP]&amp#27;[39m &amp#27;[37m-->&amp#27;[39m &amp#27;[37mPOST&amp#27;[39m &amp#27;[37m/wd/hub/session/90105099-248b-402e-813a-13864f31847c/element&amp#27;[39m
&amp#27;[35m[HTTP]&amp#27;[39m &amp#27;[90m{"using":"xpath","value":"(//android.widget.Button)[2]"}&amp#27;[39m
[debug] &amp#27;[35m[W3C (90105099)]&amp#27;[39m Calling AppiumDriver.findElement() with args: ["xpath","(//android.widget.Button)[2]","90105099-248b-402e-813a-13864f31847c"]
[debug] &amp#27;[35m[BaseDriver]&amp#27;[39m Valid locator strategies for this request: xpath, id, class name, accessibility id, css selector, -android uiautomator
[debug] &amp#27;[35m[BaseDriver]&amp#27;[39m Waiting up to 10000 ms for condition
[debug] &amp#27;[35m[WD Proxy]&amp#27;[39m Matched '/element' to command name 'findElement'
[debug] &amp#27;[35m[WD Proxy]&amp#27;[39m Proxying [POST /element] to [POST http://127.0.0.1:8200/wd/hub/session/1bf1e73d-8245-49ba-988b-fd9b814f39ea/element] with body: {"strategy":"xpath","selector":"(//android.widget.Button)[2]","context":"","multiple":false}
[debug] &amp#27;[35m[WD Proxy]&amp#27;[39m Got response with status 200: {"sessionId":"1bf1e73d-8245-49ba-988b-fd9b814f39ea","value":{"ELEMENT":"00000000-0000-0008-ffff-ffff00000021","element-6066-11e4-a52e-4f735466cecf":"00000000-0000-0008-ffff-ffff00000021"}}
[debug] &amp#27;[35m[W3C (90105099)]&amp#27;[39m Responding to client with driver.findElement() result: {"element-6066-11e4-a52e-4f735466cecf":"00000000-0000-0008-ffff-ffff00000021","ELEMENT":"00000000-0000-0008-ffff-ffff00000021"}
&amp#27;[35m[HTTP]&amp#27;[39m &amp#27;[37m<-- POST /wd/hub/session/90105099-248b-402e-813a-13864f31847c/element &amp#27;[39m&amp#27;[32m200&amp#27;[39m &amp#27;[90m726 ms - 137&amp#27;[39m
&amp#27;[35m[HTTP]&amp#27;[39m &amp#27;[90m&amp#27;[39m
&amp#27;[35m[HTTP]&amp#27;[39m &amp#27;[37m-->&amp#27;[39m &amp#27;[37mPOST&amp#27;[39m &amp#27;[37m/wd/hub/session/90105099-248b-402e-813a-13864f31847c/element/00000000-0000-0008-ffff-ffff00000021/click&amp#27;[39m
&amp#27;[35m[HTTP]&amp#27;[39m &amp#27;[90m{"id":"00000000-0000-0008-ffff-ffff00000021"}&amp#27;[39m
[debug] &amp#27;[35m[W3C (90105099)]&amp#27;[39m Calling AppiumDriver.click() with args: ["00000000-0000-0008-ffff-ffff00000021","90105099-248b-402e-813a-13864f31847c"]
[debug] &amp#27;[35m[WD Proxy]&amp#27;[39m Matched '/element/00000000-0000-0008-ffff-ffff00000021/click' to command name 'click'
[debug] &amp#27;[35m[WD Proxy]&amp#27;[39m Proxying [POST /element/00000000-0000-0008-ffff-ffff00000021/click] to [POST http://127.0.0.1:8200/wd/hub/session/1bf1e73d-8245-49ba-988b-fd9b814f39ea/element/00000000-0000-0008-ffff-ffff00000021/click] with body: {"element":"00000000-0000-0008-ffff-ffff00000021"}
[debug] &amp#27;[35m[WD Proxy]&amp#27;[39m Got response with status 200: {"sessionId":"1bf1e73d-8245-49ba-988b-fd9b814f39ea","value":null}
[debug] &amp#27;[35m[W3C (90105099)]&amp#27;[39m Responding to client with driver.click() result: null
&amp#27;[35m[HTTP]&amp#27;[39m &amp#27;[37m<-- POST /wd/hub/session/90105099-248b-402e-813a-13864f31847c/element/00000000-0000-0008-ffff-ffff00000021/click &amp#27;[39m&amp#27;[32m200&amp#27;[39m &amp#27;[90m83 ms - 14&amp#27;[39m
&amp#27;[35m[HTTP]&amp#27;[39m &amp#27;[90m&amp#27;[39m
]]></system-out>
    <system-err><![CDATA[Jan 21, 2022 7:03:07 PM io.appium.java_client.remote.AppiumCommandExecutor$1 lambda$0
INFO: Detected dialect: W3C
]]></system-err>
  </testcase>
</testsuite>