<?xml version="1.0" encoding="UTF-8"?>
<testng-results ignored="0" total="3" passed="3" failed="0" skipped="0">
  <reporter-output>
  </reporter-output>
  <suite started-at="2022-01-20T15:45:26Z" name="Suite" finished-at="2022-01-20T15:46:56Z" duration-ms="89490">
    <groups>
    </groups>
    <test started-at="2022-01-20T15:45:26Z" name="Test" finished-at="2022-01-20T15:46:56Z" duration-ms="89490">
      <class name="eci.qa.AppiumFramework.firstIOSTest">
        <test-method is-config="true" signature="killAllNodes()[pri:0, instance:eci.qa.AppiumFramework.firstIOSTest@8519cb4]" started-at="2022-01-20T15:45:26Z" name="killAllNodes" finished-at="2022-01-20T15:45:29Z" duration-ms="3024" status="PASS">
          <reporter-output>
          </reporter-output>
        </test-method> <!-- killAllNodes -->
        <test-method signature="validarTituloServices()[pri:0, instance:eci.qa.AppiumFramework.firstIOSTest@8519cb4]" started-at="2022-01-20T15:45:29Z" name="validarTituloServices" finished-at="2022-01-20T15:46:01Z" duration-ms="31898" status="PASS">
          <reporter-output>
          </reporter-output>
        </test-method> <!-- validarTituloServices -->
        <test-method signature="validarTituloServices2()[pri:0, instance:eci.qa.AppiumFramework.firstIOSTest@8519cb4]" started-at="2022-01-20T15:46:01Z" name="validarTituloServices2" finished-at="2022-01-20T15:46:28Z" duration-ms="26951" status="PASS">
          <reporter-output>
          </reporter-output>
        </test-method> <!-- validarTituloServices2 -->
        <test-method signature="validarTituloServices3()[pri:0, instance:eci.qa.AppiumFramework.firstIOSTest@8519cb4]" started-at="2022-01-20T15:46:28Z" name="validarTituloServices3" finished-at="2022-01-20T15:46:56Z" duration-ms="27567" status="PASS">
          <reporter-output>
          </reporter-output>
        </test-method> <!-- validarTituloServices3 -->
        <test-method is-config="true" signature="killProcess()[pri:0, instance:eci.qa.AppiumFramework.firstIOSTest@8519cb4]" started-at="2022-01-20T15:46:56Z" name="killProcess" finished-at="2022-01-20T15:46:56Z" duration-ms="25" status="PASS">
          <reporter-output>
          </reporter-output>
        </test-method> <!-- killProcess -->
      </class> <!-- eci.qa.AppiumFramework.firstIOSTest -->
    </test> <!-- Test -->
  </suite> <!-- Suite -->
</testng-results>
