<?xml version="1.0" encoding="UTF-8"?>
<testng-results skipped="0" failed="0" ignored="0" total="1" passed="1">
  <reporter-output>
  </reporter-output>
  <suite name="Default suite" duration-ms="131640" started-at="2022-01-31T15:03:59Z" finished-at="2022-01-31T15:06:10Z">
    <groups>
    </groups>
    <test name="Default test" duration-ms="131640" started-at="2022-01-31T15:03:59Z" finished-at="2022-01-31T15:06:10Z">
      <class name="eci.qa.AppiumFramework.TestLogin">
        <test-method status="PASS" signature="killAllNodes()[pri:0, instance:eci.qa.AppiumFramework.TestLogin@79efed2d]" name="killAllNodes" is-config="true" duration-ms="3033" started-at="2022-01-31T15:03:59Z" finished-at="2022-01-31T15:04:02Z">
          <reporter-output>
          </reporter-output>
        </test-method> <!-- killAllNodes -->
        <test-method status="PASS" signature="loginCorrecto()[pri:0, instance:eci.qa.AppiumFramework.TestLogin@79efed2d]" name="loginCorrecto" duration-ms="128551" started-at="2022-01-31T15:04:02Z" finished-at="2022-01-31T15:06:10Z">
          <reporter-output>
          </reporter-output>
        </test-method> <!-- loginCorrecto -->
        <test-method status="PASS" signature="killProcess()[pri:0, instance:eci.qa.AppiumFramework.TestLogin@79efed2d]" name="killProcess" is-config="true" duration-ms="37" started-at="2022-01-31T15:06:10Z" finished-at="2022-01-31T15:06:10Z">
          <reporter-output>
          </reporter-output>
        </test-method> <!-- killProcess -->
      </class> <!-- eci.qa.AppiumFramework.TestLogin -->
    </test> <!-- Default test -->
  </suite> <!-- Default suite -->
</testng-results>
